Arguments: 
  D:\下载软件\nodeJS\node.exe D:\下载软件\yarn\bin\yarn.js add gulp-imagemin -D

PATH: 
  C:\Users\lenovo\bin;D:\下载软件\git\Git\mingw64\bin;D:\下载软件\git\Git\usr\local\bin;D:\下载软件\git\Git\usr\bin;D:\下载软件\git\Git\usr\bin;D:\下载软件\git\Git\mingw64\bin;D:\下载软件\git\Git\usr\bin;C:\Users\lenovo\bin;C:\windows\system32;C:\windows;C:\windows\System32\Wbem;C:\windows\System32\WindowsPowerShell\v1.0;D:\下载软件\git\Git\cmd;D:\下载软件\nodeJS;D:\下载软件\yarn\bin;C:\Users\lenovo\AppData\Local\Microsoft\WindowsApps;D:\vscode\Microsoft VS Code\bin;C:\Users\lenovo\AppData\Roaming\npm;C:\Users\lenovo\AppData\Local\Yarn\bin;E:\H5-onestep\第二阶段JS\0514;D:\下载软件\git\Git\usr\bin\vendor_perl;D:\下载软件\git\Git\usr\bin\core_perl

Yarn version: 
  1.5.1

Node version: 
  8.11.1

Platform: 
  win32 x64

npm manifest: 
  {
    "name": "gulp-t",
    "version": "1.0.0",
    "description": "gulp config for learning",
    "main": "index.js",
    "scripts": {
      "test": "echo \"Error: no test specified\" && exit 1"
    },
    "author": "yanghuaizhi",
    "license": "ISC",
    "devDependencies": {
      "babel-core": "^6.26.0",
      "babel-preset-env": "^1.6.1",
      "gulp": "^3.9.1",
      "gulp-babel": "^7.0.0",
      "gulp-concat": "^2.6.1",
      "gulp-connect": "^5.5.0",
      "gulp-sass-china": "^3.1.0",
      "gulp-uglify": "^3.0.0"
    },
    "dependencies": {
      "gulp-imagemin": "^4.1.0"
    }
  }

yarn manifest: 
  No manifest

Lockfile: 
  No lockfile

Trace: 
  Error: EPERM: operation not permitted, unlink 'E:\wampserver\wamp64\www\bcjs\zigger\node_modules\node-sass-china\vendor\win32-x64-57\binding.node'
